0 info it worked if it ends with ok
1 verbose cli [ 'C:\\Program Files (x86)\\nodejs\\node.exe',
1 verbose cli   'C:\\Program Files (x86)\\nodejs\\node_modules\\npm\\bin\\npm-cli.js',
1 verbose cli   'install',
1 verbose cli   'jquery' ]
2 info using npm@3.10.8
3 info using node@v6.9.1
4 silly loadCurrentTree Starting
5 silly install loadCurrentTree
6 silly install readLocalPackageData
7 silly fetchPackageMetaData jquery
8 silly fetchNamedPackageData jquery
9 silly mapToRegistry name jquery
10 silly mapToRegistry using default registry
11 silly mapToRegistry registry https://registry.npmjs.org/
12 silly mapToRegistry data Result {
12 silly mapToRegistry   raw: 'jquery',
12 silly mapToRegistry   scope: null,
12 silly mapToRegistry   escapedName: 'jquery',
12 silly mapToRegistry   name: 'jquery',
12 silly mapToRegistry   rawSpec: '',
12 silly mapToRegistry   spec: 'latest',
12 silly mapToRegistry   type: 'tag' }
13 silly mapToRegistry uri https://registry.npmjs.org/jquery
14 verbose request uri https://registry.npmjs.org/jquery
15 verbose request no auth needed
16 info attempt registry request try #1 at 11:52:07
17 verbose request id f6f71d3b2397ca8d
18 http request GET https://registry.npmjs.org/jquery
19 http 200 https://registry.npmjs.org/jquery
20 verbose headers { server: 'nginx/1.10.1',
20 verbose headers   'content-type': 'application/json',
20 verbose headers   'last-modified': 'Sun, 12 Feb 2017 00:01:49 GMT',
20 verbose headers   etag: 'W/"589fa5ed-148c2"',
20 verbose headers   'content-encoding': 'gzip',
20 verbose headers   'cache-control': 'max-age=300',
20 verbose headers   'content-length': '9975',
20 verbose headers   'accept-ranges': 'bytes',
20 verbose headers   date: 'Thu, 16 Feb 2017 13:52:07 GMT',
20 verbose headers   via: '1.1 varnish',
20 verbose headers   age: '193',
20 verbose headers   connection: 'keep-alive',
20 verbose headers   'x-served-by': 'cache-gru7121-GRU',
20 verbose headers   'x-cache': 'HIT',
20 verbose headers   'x-cache-hits': '4',
20 verbose headers   'x-timer': 'S1487253127.799630,VS0,VE0',
20 verbose headers   vary: 'Accept-Encoding' }
21 silly get cb [ 200,
21 silly get   { server: 'nginx/1.10.1',
21 silly get     'content-type': 'application/json',
21 silly get     'last-modified': 'Sun, 12 Feb 2017 00:01:49 GMT',
21 silly get     etag: 'W/"589fa5ed-148c2"',
21 silly get     'content-encoding': 'gzip',
21 silly get     'cache-control': 'max-age=300',
21 silly get     'content-length': '9975',
21 silly get     'accept-ranges': 'bytes',
21 silly get     date: 'Thu, 16 Feb 2017 13:52:07 GMT',
21 silly get     via: '1.1 varnish',
21 silly get     age: '193',
21 silly get     connection: 'keep-alive',
21 silly get     'x-served-by': 'cache-gru7121-GRU',
21 silly get     'x-cache': 'HIT',
21 silly get     'x-cache-hits': '4',
21 silly get     'x-timer': 'S1487253127.799630,VS0,VE0',
21 silly get     vary: 'Accept-Encoding' } ]
22 verbose get saving jquery to C:\Users\masilva\AppData\Roaming\npm-cache\registry.npmjs.org\jquery\.cache.json
23 verbose correctMkdir C:\Users\masilva\AppData\Roaming\npm-cache correctMkdir not in flight; initializing
24 silly install normalizeTree
25 silly loadCurrentTree Finishing
26 silly loadIdealTree Starting
27 silly install loadIdealTree
28 silly cloneCurrentTree Starting
29 silly install cloneCurrentTreeToIdealTree
30 silly cloneCurrentTree Finishing
31 silly loadShrinkwrap Starting
32 silly install loadShrinkwrap
33 silly loadShrinkwrap Finishing
34 silly loadAllDepsIntoIdealTree Starting
35 silly install loadAllDepsIntoIdealTree
36 silly resolveWithNewModule jquery@3.1.1 checking installable status
37 silly cache add args [ 'jquery', null ]
38 verbose cache add spec jquery
39 silly cache add parsed spec Result {
39 silly cache add   raw: 'jquery',
39 silly cache add   scope: null,
39 silly cache add   escapedName: 'jquery',
39 silly cache add   name: 'jquery',
39 silly cache add   rawSpec: '',
39 silly cache add   spec: 'latest',
39 silly cache add   type: 'tag' }
40 silly addNamed jquery@latest
41 verbose addNamed "latest" is being treated as a dist-tag for jquery
42 info addNameTag [ 'jquery', 'latest' ]
43 silly mapToRegistry name jquery
44 silly mapToRegistry using default registry
45 silly mapToRegistry registry https://registry.npmjs.org/
46 silly mapToRegistry data Result {
46 silly mapToRegistry   raw: 'jquery',
46 silly mapToRegistry   scope: null,
46 silly mapToRegistry   escapedName: 'jquery',
46 silly mapToRegistry   name: 'jquery',
46 silly mapToRegistry   rawSpec: '',
46 silly mapToRegistry   spec: 'latest',
46 silly mapToRegistry   type: 'tag' }
47 silly mapToRegistry uri https://registry.npmjs.org/jquery
48 verbose addNameTag registry:https://registry.npmjs.org/jquery not in flight; fetching
49 verbose get https://registry.npmjs.org/jquery not expired, no request
50 silly addNameTag next cb for jquery with tag latest
51 silly addNamed jquery@3.1.1
52 verbose addNamed "3.1.1" is a plain semver version for jquery
53 silly mapToRegistry name jquery
54 silly mapToRegistry using default registry
55 silly mapToRegistry registry https://registry.npmjs.org/
56 silly mapToRegistry data Result {
56 silly mapToRegistry   raw: 'jquery',
56 silly mapToRegistry   scope: null,
56 silly mapToRegistry   escapedName: 'jquery',
56 silly mapToRegistry   name: 'jquery',
56 silly mapToRegistry   rawSpec: '',
56 silly mapToRegistry   spec: 'latest',
56 silly mapToRegistry   type: 'tag' }
57 silly mapToRegistry uri https://registry.npmjs.org/jquery
58 verbose addRemoteTarball https://registry.npmjs.org/jquery/-/jquery-3.1.1.tgz not in flight; adding
59 verbose addRemoteTarball [ 'https://registry.npmjs.org/jquery/-/jquery-3.1.1.tgz',
59 verbose addRemoteTarball   '347c1c21c7e004115e0a4da32cece041fad3c8a3' ]
60 info retry fetch attempt 1 at 11:52:07
61 info attempt registry request try #1 at 11:52:07
62 http fetch GET https://registry.npmjs.org/jquery/-/jquery-3.1.1.tgz
63 http fetch 200 https://registry.npmjs.org/jquery/-/jquery-3.1.1.tgz
64 silly fetchAndShaCheck shasum 347c1c21c7e004115e0a4da32cece041fad3c8a3
65 verbose addTmpTarball C:\Users\masilva\AppData\Local\Temp\npm-10212-ee96ca87\registry.npmjs.org\jquery\-\jquery-3.1.1.tgz not in flight; adding
66 verbose addTmpTarball already have metadata; skipping unpack for jquery@3.1.1
67 verbose correctMkdir C:\Users\masilva\AppData\Roaming\npm-cache correctMkdir not in flight; initializing
68 silly cache afterAdd jquery@3.1.1
69 verbose afterAdd C:\Users\masilva\AppData\Roaming\npm-cache\jquery\3.1.1\package\package.json not in flight; writing
70 verbose correctMkdir C:\Users\masilva\AppData\Roaming\npm-cache correctMkdir not in flight; initializing
71 verbose afterAdd C:\Users\masilva\AppData\Roaming\npm-cache\jquery\3.1.1\package\package.json written
72 silly loadAllDepsIntoIdealTree Finishing
73 silly loadIdealTree Finishing
74 silly currentTree mod4@1.0.0
74 silly currentTree +-- angular-ui-router@0.4.2
74 silly currentTree +-- angular@1.6.2
74 silly currentTree `-- bootstrap@3.3.7
75 silly idealTree mod4@1.0.0
75 silly idealTree +-- angular-ui-router@0.4.2
75 silly idealTree +-- angular@1.6.2
75 silly idealTree +-- bootstrap@3.3.7
75 silly idealTree `-- jquery@3.1.1
76 silly generateActionsToTake Starting
77 silly install generateActionsToTake
78 silly generateActionsToTake Finishing
79 silly diffTrees action count 1
80 silly diffTrees add jquery@3.1.1
81 silly decomposeActions action count 8
82 silly decomposeActions fetch jquery@3.1.1
83 silly decomposeActions extract jquery@3.1.1
84 silly decomposeActions test jquery@3.1.1
85 silly decomposeActions preinstall jquery@3.1.1
86 silly decomposeActions build jquery@3.1.1
87 silly decomposeActions install jquery@3.1.1
88 silly decomposeActions postinstall jquery@3.1.1
89 silly decomposeActions finalize jquery@3.1.1
90 silly runTopLevelLifecycles Starting
91 silly executeActions Starting
92 silly install executeActions
93 silly doSerial global-install 0
94 silly doParallel fetch 1
95 verbose correctMkdir C:\Users\masilva\AppData\Roaming\npm-cache\_locks correctMkdir not in flight; initializing
96 verbose lock using C:\Users\masilva\AppData\Roaming\npm-cache\_locks\staging-e6010cb552f191a7.lock for C:\Users\masilva\Documents\Study\Angular\courseraAngular\mod4_solution\node_modules\.staging
97 silly doParallel extract 1
98 silly extract jquery@3.1.1
99 verbose unbuild node_modules\.staging\jquery-96e7d55f
100 silly gentlyRm C:\Users\masilva\Documents\Study\Angular\courseraAngular\mod4_solution\node_modules\.staging\jquery-96e7d55f is being purged from base C:\Users\masilva\Documents\Study\Angular\courseraAngular\mod4_solution
101 verbose gentlyRm don't care about contents; nuking C:\Users\masilva\Documents\Study\Angular\courseraAngular\mod4_solution\node_modules\.staging\jquery-96e7d55f
102 verbose tar unpack C:\Users\masilva\AppData\Roaming\npm-cache\jquery\3.1.1\package.tgz
103 verbose tar unpacking to C:\Users\masilva\Documents\Study\Angular\courseraAngular\mod4_solution\node_modules\.staging\jquery-96e7d55f
104 silly gentlyRm C:\Users\masilva\Documents\Study\Angular\courseraAngular\mod4_solution\node_modules\.staging\jquery-96e7d55f is being purged
105 verbose gentlyRm don't care about contents; nuking C:\Users\masilva\Documents\Study\Angular\courseraAngular\mod4_solution\node_modules\.staging\jquery-96e7d55f
106 silly gunzTarPerm modes [ '777', '666' ]
107 silly gunzTarPerm extractEntry package.json
108 silly gunzTarPerm extractEntry README.md
109 silly gunzTarPerm extractEntry AUTHORS.txt
110 silly gunzTarPerm extractEntry LICENSE.txt
111 silly gunzTarPerm extractEntry bower.json
112 silly gunzTarPerm extractEntry dist/core.js
113 silly gunzTarPerm extractEntry dist/jquery.js
114 silly gunzTarPerm extractEntry dist/jquery.min.js
115 silly gunzTarPerm extractEntry dist/jquery.slim.js
116 silly gunzTarPerm extractEntry dist/jquery.slim.min.js
117 silly gunzTarPerm extractEntry dist/jquery.min.map
118 silly gunzTarPerm extractEntry dist/jquery.slim.min.map
119 silly gunzTarPerm extractEntry external/sizzle/LICENSE.txt
120 silly gunzTarPerm extractEntry external/sizzle/dist/sizzle.js
121 silly gunzTarPerm extractEntry external/sizzle/dist/sizzle.min.js
122 silly gunzTarPerm extractEntry external/sizzle/dist/sizzle.min.map
123 silly gunzTarPerm extractEntry src/wrap.js
124 silly gunzTarPerm extractEntry src/core.js
125 silly gunzTarPerm extractEntry src/selector.js
126 silly gunzTarPerm extractEntry src/css.js
127 silly gunzTarPerm extractEntry src/selector-sizzle.js
128 silly gunzTarPerm extractEntry src/serialize.js
129 silly gunzTarPerm extractEntry src/selector-native.js
130 silly gunzTarPerm extractEntry src/deferred.js
131 silly gunzTarPerm extractEntry src/deprecated.js
132 silly gunzTarPerm extractEntry src/dimensions.js
133 silly gunzTarPerm extractEntry src/queue.js
134 silly gunzTarPerm extractEntry src/callbacks.js
135 silly gunzTarPerm extractEntry src/offset.js
136 silly gunzTarPerm extractEntry src/attributes.js
137 silly gunzTarPerm extractEntry src/manipulation.js
138 silly gunzTarPerm extractEntry src/traversing.js
139 silly gunzTarPerm extractEntry src/event.js
140 silly gunzTarPerm extractEntry src/ajax.js
141 silly gunzTarPerm extractEntry src/jquery.js
142 silly gunzTarPerm extractEntry src/data.js
143 silly gunzTarPerm extractEntry src/effects.js
144 silly gunzTarPerm extractEntry src/data/Data.js
145 silly gunzTarPerm extractEntry src/data/var/acceptData.js
146 silly gunzTarPerm extractEntry src/data/var/dataPriv.js
147 silly gunzTarPerm extractEntry src/data/var/dataUser.js
148 silly gunzTarPerm extractEntry src/exports/amd.js
149 silly gunzTarPerm extractEntry src/exports/global.js
150 silly gunzTarPerm extractEntry src/event/ajax.js
151 silly gunzTarPerm extractEntry src/event/alias.js
152 silly gunzTarPerm extractEntry src/event/focusin.js
153 silly gunzTarPerm extractEntry src/event/support.js
154 silly gunzTarPerm extractEntry src/event/trigger.js
155 silly gunzTarPerm extractEntry src/ajax/jsonp.js
156 silly gunzTarPerm extractEntry src/ajax/load.js
157 silly gunzTarPerm extractEntry src/ajax/parseXML.js
158 silly gunzTarPerm extractEntry src/ajax/script.js
159 silly gunzTarPerm extractEntry src/ajax/xhr.js
160 silly gunzTarPerm extractEntry src/ajax/var/location.js
161 silly gunzTarPerm extractEntry src/ajax/var/nonce.js
162 silly gunzTarPerm extractEntry src/ajax/var/rquery.js
163 silly gunzTarPerm extractEntry src/queue/delay.js
164 silly gunzTarPerm extractEntry src/effects/Tween.js
165 silly gunzTarPerm extractEntry src/effects/animatedSelector.js
166 silly gunzTarPerm extractEntry src/deferred/exceptionHook.js
167 silly gunzTarPerm extractEntry src/manipulation/_evalUrl.js
168 silly gunzTarPerm extractEntry src/manipulation/buildFragment.js
169 silly gunzTarPerm extractEntry src/manipulation/getAll.js
170 silly gunzTarPerm extractEntry src/manipulation/setGlobalEval.js
171 silly gunzTarPerm extractEntry src/manipulation/support.js
172 silly gunzTarPerm extractEntry src/manipulation/wrapMap.js
173 silly gunzTarPerm extractEntry src/manipulation/var/rcheckableType.js
174 silly gunzTarPerm extractEntry src/manipulation/var/rscriptType.js
175 silly gunzTarPerm extractEntry src/manipulation/var/rtagName.js
176 silly gunzTarPerm extractEntry src/css/addGetHookIf.js
177 silly gunzTarPerm extractEntry src/css/adjustCSS.js
178 silly gunzTarPerm extractEntry src/css/curCSS.js
179 silly gunzTarPerm extractEntry src/css/hiddenVisibleSelectors.js
180 silly gunzTarPerm extractEntry src/css/showHide.js
181 silly gunzTarPerm extractEntry src/css/support.js
182 silly gunzTarPerm extractEntry src/css/var/cssExpand.js
183 silly gunzTarPerm extractEntry src/css/var/getStyles.js
184 silly gunzTarPerm extractEntry src/css/var/isHiddenWithinTree.js
185 silly gunzTarPerm extractEntry src/css/var/rmargin.js
186 silly gunzTarPerm extractEntry src/css/var/rnumnonpx.js
187 silly gunzTarPerm extractEntry src/css/var/swap.js
188 silly gunzTarPerm extractEntry src/core/DOMEval.js
189 silly gunzTarPerm extractEntry src/core/access.js
190 silly gunzTarPerm extractEntry src/core/init.js
191 silly gunzTarPerm extractEntry src/core/parseHTML.js
192 silly gunzTarPerm extractEntry src/core/ready-no-deferred.js
193 silly gunzTarPerm extractEntry src/core/ready.js
194 silly gunzTarPerm extractEntry src/core/readyException.js
195 silly gunzTarPerm extractEntry src/core/stripAndCollapse.js
196 silly gunzTarPerm extractEntry src/core/support.js
197 silly gunzTarPerm extractEntry src/core/var/rsingleTag.js
198 silly gunzTarPerm extractEntry src/traversing/findFilter.js
199 silly gunzTarPerm extractEntry src/traversing/var/dir.js
200 silly gunzTarPerm extractEntry src/traversing/var/rneedsContext.js
201 silly gunzTarPerm extractEntry src/traversing/var/siblings.js
202 silly gunzTarPerm extractEntry src/attributes/attr.js
203 silly gunzTarPerm extractEntry src/attributes/classes.js
204 silly gunzTarPerm extractEntry src/attributes/prop.js
205 silly gunzTarPerm extractEntry src/attributes/support.js
206 silly gunzTarPerm extractEntry src/attributes/val.js
207 silly gunzTarPerm extractEntry src/var/ObjectFunctionString.js
208 silly gunzTarPerm extractEntry src/var/documentElement.js
209 silly gunzTarPerm extractEntry src/var/fnToString.js
210 silly gunzTarPerm extractEntry src/var/getProto.js
211 silly gunzTarPerm extractEntry src/var/document.js
212 silly gunzTarPerm extractEntry src/var/indexOf.js
213 silly gunzTarPerm extractEntry src/var/pnum.js
214 silly gunzTarPerm extractEntry src/var/push.js
215 silly gunzTarPerm extractEntry src/var/rcssNum.js
216 silly gunzTarPerm extractEntry src/var/rnothtmlwhite.js
217 silly gunzTarPerm extractEntry src/var/concat.js
218 silly gunzTarPerm extractEntry src/var/slice.js
219 silly gunzTarPerm extractEntry src/var/class2type.js
220 silly gunzTarPerm extractEntry src/var/support.js
221 silly gunzTarPerm extractEntry src/var/arr.js
222 silly gunzTarPerm extractEntry src/var/toString.js
223 silly gunzTarPerm extractEntry src/var/hasOwn.js
224 silly gunzTarPerm extractEntry src/.eslintrc.json
225 silly gentlyRm C:\Users\masilva\Documents\Study\Angular\courseraAngular\mod4_solution\node_modules\.staging\jquery-96e7d55f\node_modules is being purged
226 verbose gentlyRm don't care about contents; nuking C:\Users\masilva\Documents\Study\Angular\courseraAngular\mod4_solution\node_modules\.staging\jquery-96e7d55f\node_modules
227 silly doParallel preinstall 1
228 silly preinstall jquery@3.1.1 C:\Users\masilva\Documents\Study\Angular\courseraAngular\mod4_solution\node_modules\.staging\jquery-96e7d55f
229 info lifecycle jquery@3.1.1~preinstall: jquery@3.1.1
230 silly lifecycle jquery@3.1.1~preinstall: no script for preinstall, continuing
231 silly doReverseSerial remove 0
232 silly doSerial move 0
233 silly doSerial finalize 1
234 silly finalize C:\Users\masilva\Documents\Study\Angular\courseraAngular\mod4_solution\node_modules\jquery
235 verbose unlock done using C:\Users\masilva\AppData\Roaming\npm-cache\_locks\staging-e6010cb552f191a7.lock for C:\Users\masilva\Documents\Study\Angular\courseraAngular\mod4_solution\node_modules\.staging
236 silly rollbackFailedOptional Starting
237 silly rollbackFailedOptional Finishing
238 silly runTopLevelLifecycles Finishing
239 silly install printInstalled
240 warn mod4@1.0.0 No description
241 verbose If you need help, you may report this error at:
241 verbose     <https://github.com/npm/npm/issues>
242 warn mod4@1.0.0 No repository field.
243 verbose If you need help, you may report this error at:
243 verbose     <https://github.com/npm/npm/issues>
244 verbose stack Error: EPERM: operation not permitted, rename 'C:\Users\masilva\Documents\Study\Angular\courseraAngular\mod4_solution\node_modules\.staging\jquery-96e7d55f' -> 'C:\Users\masilva\Documents\Study\Angular\courseraAngular\mod4_solution\node_modules\jquery'
244 verbose stack     at destStatted (C:\Program Files (x86)\nodejs\node_modules\npm\lib\install\action\finalize.js:25:7)
244 verbose stack     at FSReqWrap.oncomplete (fs.js:123:15)
244 verbose stack
244 verbose stack Error: EPERM: operation not permitted, rename 'C:\Users\masilva\Documents\Study\Angular\courseraAngular\mod4_solution\node_modules\.staging\jquery-96e7d55f' -> 'C:\Users\masilva\Documents\Study\Angular\courseraAngular\mod4_solution\node_modules\jquery'
244 verbose stack     at Error (native)
245 verbose cwd C:\Users\masilva\Documents\Study\Angular\courseraAngular\mod4_solution
246 error Windows_NT 6.3.9600
247 error argv "C:\\Program Files (x86)\\nodejs\\node.exe" "C:\\Program Files (x86)\\nodejs\\node_modules\\npm\\bin\\npm-cli.js" "install" "jquery"
248 error node v6.9.1
249 error npm  v3.10.8
250 error path C:\Users\masilva\Documents\Study\Angular\courseraAngular\mod4_solution\node_modules\.staging\jquery-96e7d55f
251 error code EPERM
252 error errno -4048
253 error syscall rename
254 error Error: EPERM: operation not permitted, rename 'C:\Users\masilva\Documents\Study\Angular\courseraAngular\mod4_solution\node_modules\.staging\jquery-96e7d55f' -> 'C:\Users\masilva\Documents\Study\Angular\courseraAngular\mod4_solution\node_modules\jquery'
254 error     at destStatted (C:\Program Files (x86)\nodejs\node_modules\npm\lib\install\action\finalize.js:25:7)
254 error     at FSReqWrap.oncomplete (fs.js:123:15)
254 error
254 error Error: EPERM: operation not permitted, rename 'C:\Users\masilva\Documents\Study\Angular\courseraAngular\mod4_solution\node_modules\.staging\jquery-96e7d55f' -> 'C:\Users\masilva\Documents\Study\Angular\courseraAngular\mod4_solution\node_modules\jquery'
254 error     at Error (native)
254 error  { Error: EPERM: operation not permitted, rename 'C:\Users\masilva\Documents\Study\Angular\courseraAngular\mod4_solution\node_modules\.staging\jquery-96e7d55f' -> 'C:\Users\masilva\Documents\Study\Angular\courseraAngular\mod4_solution\node_modules\jquery'
254 error     at destStatted (C:\Program Files (x86)\nodejs\node_modules\npm\lib\install\action\finalize.js:25:7)
254 error     at FSReqWrap.oncomplete (fs.js:123:15)
254 error
254 error Error: EPERM: operation not permitted, rename 'C:\Users\masilva\Documents\Study\Angular\courseraAngular\mod4_solution\node_modules\.staging\jquery-96e7d55f' -> 'C:\Users\masilva\Documents\Study\Angular\courseraAngular\mod4_solution\node_modules\jquery'
254 error     at Error (native) parent: 'mod4' }
255 error Please try running this command again as root/Administrator.
256 verbose exit [ -4048, true ]
